2022-03-12 12:23:30.811 - INFO - 22700 - azureml.train.automl.run._log_activity:55 - ActivityStarted: GetOutput
2022-03-12 12:23:30.832 - INFO - 22700 - azureml.train.automl.run._log_activity:55 - ActivityStarted: GetOutput
2022-03-12 12:23:30.850 - INFO - 22700 - azureml.train.automl.run._log_activity:55 - ActivityStarted: GetChildren
2022-03-12 12:23:30.971 - INFO - 22700 - azureml.train.automl.run._log_activity:93 - ActivityCompleted: Activity=GetChildren, HowEnded=Success, Duration=120.38[ms]
2022-03-12 12:23:31.024 - INFO - 22700 - azureml.train.automl.run._log_activity:93 - ActivityCompleted: Activity=GetOutput, HowEnded=Success, Duration=191.42[ms]
2022-03-12 12:23:31.024 - INFO - 22700 - azureml.train.automl._model_download_utilities._log_activity:55 - ActivityStarted: DownloadModel
2022-03-12 12:23:40.856 - INFO - 22700 - azureml.automl.runtime.distributed.utilities.horovod_initialized:70 - Horovod not found in current environment. Distribution via Horovod will be disabled.
2022-03-12 12:23:43.894 - INFO - 22700 - azureml.automl.runtime.featurization.data_transformer.__init__:189 - Feature sweeping enabled: False
2022-03-12 12:23:43.895 - INFO - 22700 - azureml.automl.runtime.featurization.data_transformer.__init__:190 - Feature sweeping timeout: 86400
2022-03-12 12:23:46.230 - INFO - 22700 - azureml.train.automl._model_download_utilities._log_activity:93 - ActivityCompleted: Activity=DownloadModel, HowEnded=Success, Duration=15205.49[ms]
2022-03-12 12:23:46.264 - INFO - 22700 - azureml.train.automl.run._log_activity:93 - ActivityCompleted: Activity=GetOutput, HowEnded=Success, Duration=15452.37[ms]
2022-03-12 12:42:17.331 - INFO - 22700 - azureml.train.automl.run._log_activity:55 - ActivityStarted: RegisterModel
2022-03-12 12:42:17.381 - INFO - 22700 - azureml.train.automl.run._log_activity:55 - ActivityStarted: GetChildren
2022-03-12 12:42:17.521 - INFO - 22700 - azureml.train.automl.run._log_activity:93 - ActivityCompleted: Activity=GetChildren, HowEnded=Success, Duration=139.78[ms]
2022-03-12 12:42:18.479 - INFO - 22700 - azureml.train.automl.run._log_activity:93 - ActivityCompleted: Activity=RegisterModel, HowEnded=Success, Duration=1148.56[ms]
2022-03-12 12:42:55.525 - INFO - 22700 - azureml.train.automl.run._log_activity:55 - ActivityStarted: RegisterModel
2022-03-12 12:42:55.548 - INFO - 22700 - azureml.train.automl.run._log_activity:55 - ActivityStarted: GetChildren
2022-03-12 12:42:55.687 - INFO - 22700 - azureml.train.automl.run._log_activity:93 - ActivityCompleted: Activity=GetChildren, HowEnded=Success, Duration=138.95[ms]
2022-03-12 12:42:56.404 - INFO - 22700 - azureml.train.automl.run._log_activity:93 - ActivityCompleted: Activity=RegisterModel, HowEnded=Success, Duration=879.05[ms]
2022-03-12 12:50:24.288 - INFO - 22700 - azureml.train.automl.run._log_activity:55 - ActivityStarted: RegisterModel
2022-03-12 12:50:24.331 - INFO - 22700 - azureml.train.automl.run._log_activity:55 - ActivityStarted: GetChildren
2022-03-12 12:50:24.467 - INFO - 22700 - azureml.train.automl.run._log_activity:93 - ActivityCompleted: Activity=GetChildren, HowEnded=Success, Duration=136.79[ms]
2022-03-12 12:50:25.395 - INFO - 22700 - azureml.train.automl.run._log_activity:93 - ActivityCompleted: Activity=RegisterModel, HowEnded=Success, Duration=1107.24[ms]
